<!DOCTYPE html PUBLIC "-//W3C//DTD XHTML 1.1//EN" "http://www.w3.org/TR/xhtml11/DTD/xhtml11.dtd">
<html xmlns="http://www.w3.org/1999/xhtml"><head><title>TestNG Report</title><style type="text/css">table {margin-bottom:10px;border-collapse:collapse;empty-cells:show}th,td {border:1px solid #009;padding:.25em .5em}th {vertical-align:bottom}td {vertical-align:top}table a {font-weight:bold}.stripe td {background-color: #E6EBF9}.num {text-align:right}.passedodd td {background-color: #3F3}.passedeven td {background-color: #0A0}.skippedodd td {background-color: #DDD}.skippedeven td {background-color: #CCC}.failedodd td,.attn {background-color: #F33}.failedeven td,.stripe .attn {background-color: #D00}.stacktrace {white-space:pre;font-family:monospace}.totop {font-size:85%;text-align:center;border-bottom:2px solid #000}</style></head><body><table><tr><th>Test</th><th># Passed</th><th># Skipped</th><th># Failed</th><th>Time (ms)</th><th>Included Groups</th><th>Excluded Groups</th></tr><tr><th colspan="7">Suite</th></tr><tr><td><a href="#t0">Chrome_test</a></td><td class="num">16</td><td class="num">0</td><td class="num attn">3</td><td class="num">2,649,662</td><td></td><td></td></tr></table><table><thead><tr><th>Class</th><th>Method</th><th>Start</th><th>Time (ms)</th></tr></thead><tbody><tr><th colspan="4">Suite</th></tr></tbody><tbody id="t0"><tr><th colspan="4">Chrome_test &#8212; failed</th></tr><tr class="failedeven"><td rowspan="3">com.testcases.driverscripts.Execute_MainScript</td><td><a href="#m0">ExecuteTest</a></td><td rowspan="3">1573735953537</td><td rowspan="3">322976</td></tr><tr class="failedeven"><td><a href="#m1">ExecuteTest</a></td></tr><tr class="failedeven"><td><a href="#m2">ExecuteTest</a></td></tr><tr><th colspan="4">Chrome_test &#8212; passed</th></tr><tr class="passedeven"><td rowspan="16">com.testcases.driverscripts.Execute_MainScript</td><td><a href="#m3">ExecuteTest</a></td><td rowspan="16">1573736585488</td><td rowspan="16">102204</td></tr><tr class="passedeven"><td><a href="#m4">ExecuteTest</a></td></tr><tr class="passedeven"><td><a href="#m5">ExecuteTest</a></td></tr><tr class="passedeven"><td><a href="#m6">ExecuteTest</a></td></tr><tr class="passedeven"><td><a href="#m7">ExecuteTest</a></td></tr><tr class="passedeven"><td><a href="#m8">ExecuteTest</a></td></tr><tr class="passedeven"><td><a href="#m9">ExecuteTest</a></td></tr><tr class="passedeven"><td><a href="#m10">ExecuteTest</a></td></tr><tr class="passedeven"><td><a href="#m11">ExecuteTest</a></td></tr><tr class="passedeven"><td><a href="#m12">ExecuteTest</a></td></tr><tr class="passedeven"><td><a href="#m13">ExecuteTest</a></td></tr><tr class="passedeven"><td><a href="#m14">ExecuteTest</a></td></tr><tr class="passedeven"><td><a href="#m15">ExecuteTest</a></td></tr><tr class="passedeven"><td><a href="#m16">ExecuteTest</a></td></tr><tr class="passedeven"><td><a href="#m17">ExecuteTest</a></td></tr><tr class="passedeven"><td><a href="#m18">ExecuteTest</a></td></tr></tbody></table><h2>Chrome_test</h2><h3 id="m0">com.testcases.driverscripts.Execute_MainScript#ExecuteTest</h3><table class="result"><tr class="param"><th>Parameter #1</th><th>Parameter #2</th><th>Parameter #3</th><th>Parameter #4</th><th>Parameter #5</th><th>Parameter #6</th></tr><tr class="param stripe"><td>ALL_PAGES</td><td>END_TO_END</td><td>TC11_Verify_CheckOut_SingleShipping</td><td>Verify CheckOut - Single Shipping</td><td>Yes</td><td>High</td></tr><tr><th colspan="6">Exception</th></tr><tr><td colspan="6"><div class="stacktrace">java.lang.AssertionError: Timeout issue occured while trying to locate element: &apos;Searchbox&apos;.You May put WAIT keyword before the step to avoid Timeout issues.
	at com.testcases.driverscripts.Execute_MainScript.ExecuteTest(Execute_MainScript.java:273)
... Removed 25 stack frames</div></td></tr></table><p class="totop"><a href="#summary">back to summary</a></p><h3 id="m1">com.testcases.driverscripts.Execute_MainScript#ExecuteTest</h3><table class="result"><tr class="param"><th>Parameter #1</th><th>Parameter #2</th><th>Parameter #3</th><th>Parameter #4</th><th>Parameter #5</th><th>Parameter #6</th></tr><tr class="param stripe"><td>ALL_PAGES</td><td>END_TO_END</td><td>TC03_PDP_Check</td><td>PDP - Normal checks (ship to home / store pick up )</td><td>Yes</td><td>High</td></tr><tr><th colspan="6">Exception</th></tr><tr><td colspan="6"><div class="stacktrace">org.openqa.selenium.NoSuchElementException: no such element: Unable to locate element: {&quot;method&quot;:&quot;xpath&quot;,&quot;selector&quot;:&quot;//*[@id=&apos;atg_store_container&apos;]/header/div[2]/div/div[4]/div/div/a/span&quot;}
  (Session info: chrome=78.0.3904.97)
  (Driver info: chromedriver=2.44.609538 (b655c5a60b0b544917107a59d4153d4bf78e1b90),platform=Windows NT 10.0.18362 x86_64) (WARNING: The server did not provide any stacktrace information)
Command duration or timeout: 0 milliseconds
For documentation on this error, please visit: http://seleniumhq.org/exceptions/no_such_element.html
Build info: version: &apos;unknown&apos;, revision: &apos;unknown&apos;, time: &apos;unknown&apos;
System info: host: &apos;LSPL309-PC&apos;, ip: &apos;192.168.15.129&apos;, os.name: &apos;Windows 10&apos;, os.arch: &apos;amd64&apos;, os.version: &apos;10.0&apos;, java.version: &apos;1.8.0_101&apos;
Driver info: org.openqa.selenium.chrome.ChromeDriver
Capabilities [{mobileEmulationEnabled=false, hasTouchScreen=false, platform=XP, acceptSslCerts=false, goog:chromeOptions={debuggerAddress=localhost:51731}, acceptInsecureCerts=false, webStorageEnabled=true, browserName=chrome, takesScreenshot=true, javascriptEnabled=true, setWindowRect=true, unexpectedAlertBehaviour=ignore, applicationCacheEnabled=false, rotatable=false, networkConnectionEnabled=false, chrome={chromedriverVersion=2.44.609538 (b655c5a60b0b544917107a59d4153d4bf78e1b90), userDataDir=C:\Users\LSPL309\AppData\Local\Temp\scoped_dir16476_13297}, takesHeapSnapshot=true, pageLoadStrategy=normal, unhandledPromptBehavior=ignore, databaseEnabled=false, handlesAlerts=true, version=78.0.3904.97, browserConnectionEnabled=false, nativeEvents=true, locationContextEnabled=true, cssSelectorsEnabled=true}]
Session ID: a03535e59a75fa654cd9003f1a2a53c3
*** Element info: {Using=xpath, value=//*[@id=&apos;atg_store_container&apos;]/header/div[2]/div/div[4]/div/div/a/span}
	at org.openqa.selenium.remote.ErrorHandler.createThrowable(ErrorHandler.java:215)
	at org.openqa.selenium.remote.ErrorHandler.throwIfResponseFailed(ErrorHandler.java:167)
	at org.openqa.selenium.remote.http.JsonHttpResponseCodec.reconstructValue(JsonHttpResponseCodec.java:40)
	at org.openqa.selenium.remote.http.AbstractHttpResponseCodec.decode(AbstractHttpResponseCodec.java:82)
	at org.openqa.selenium.remote.http.AbstractHttpResponseCodec.decode(AbstractHttpResponseCodec.java:45)
	at org.openqa.selenium.remote.HttpCommandExecutor.execute(HttpCommandExecutor.java:164)
	at org.openqa.selenium.remote.service.DriverCommandExecutor.execute(DriverCommandExecutor.java:82)
	at org.openqa.selenium.remote.RemoteWebDriver.execute(RemoteWebDriver.java:641)
	at org.openqa.selenium.remote.RemoteWebDriver.findElement(RemoteWebDriver.java:414)
	at org.openqa.selenium.remote.RemoteWebDriver.findElementByXPath(RemoteWebDriver.java:513)
	at org.openqa.selenium.By$ByXPath.findElement(By.java:361)
	at org.openqa.selenium.remote.RemoteWebDriver.findElement(RemoteWebDriver.java:406)
	at com.testcases.driverscripts.Execute_MainScript.ExecuteTest(Execute_MainScript.java:279)
... Removed 28 stack frames</div></td></tr></table><p class="totop"><a href="#summary">back to summary</a></p><h3 id="m2">com.testcases.driverscripts.Execute_MainScript#ExecuteTest</h3><table class="result"><tr class="param"><th>Parameter #1</th><th>Parameter #2</th><th>Parameter #3</th><th>Parameter #4</th><th>Parameter #5</th><th>Parameter #6</th></tr><tr class="param stripe"><td>ALL_PAGES</td><td>END_TO_END</td><td>TC07_Verify_MyaccountSection_1</td><td>Verify options present in MYAccount Section - Order history , Credit card &amp; Subscriptions</td><td>Yes</td><td>High</td></tr><tr><th colspan="6">Exception</th></tr><tr><td colspan="6"><div class="stacktrace">java.lang.AssertionError: Timeout issue occured while trying to locate element: &apos;ADD_CC&apos;.You May put WAIT keyword before the step to avoid Timeout issues.
	at com.testcases.driverscripts.Execute_MainScript.ExecuteTest(Execute_MainScript.java:273)
... Removed 25 stack frames</div></td></tr></table><p class="totop"><a href="#summary">back to summary</a></p><h3 id="m3">com.testcases.driverscripts.Execute_MainScript#ExecuteTest</h3><table class="result"><tr class="param"><th>Parameter #1</th><th>Parameter #2</th><th>Parameter #3</th><th>Parameter #4</th><th>Parameter #5</th><th>Parameter #6</th></tr><tr class="param stripe"><td>ALL_PAGES</td><td>END_TO_END</td><td>TC14_Verify_CheckOut_PickUp_InStore</td><td>Verify checkout using Pick up in store method</td><td>Yes</td><td>High</td></tr></table><p class="totop"><a href="#summary">back to summary</a></p><h3 id="m4">com.testcases.driverscripts.Execute_MainScript#ExecuteTest</h3><table class="result"><tr class="param"><th>Parameter #1</th><th>Parameter #2</th><th>Parameter #3</th><th>Parameter #4</th><th>Parameter #5</th><th>Parameter #6</th></tr><tr class="param stripe"><td>ALL_PAGES</td><td>END_TO_END</td><td>TC01_Verify_Navigations</td><td>Verify Navigations</td><td>Yes</td><td>High</td></tr></table><p class="totop"><a href="#summary">back to summary</a></p><h3 id="m5">com.testcases.driverscripts.Execute_MainScript#ExecuteTest</h3><table class="result"><tr class="param"><th>Parameter #1</th><th>Parameter #2</th><th>Parameter #3</th><th>Parameter #4</th><th>Parameter #5</th><th>Parameter #6</th></tr><tr class="param stripe"><td>ALL_PAGES</td><td>END_TO_END</td><td>TC13_Verify_CheckOut_SingleShip_multiItems</td><td>Verify CheckOut SingleShip multiItems</td><td>Yes</td><td>High</td></tr></table><p class="totop"><a href="#summary">back to summary</a></p><h3 id="m6">com.testcases.driverscripts.Execute_MainScript#ExecuteTest</h3><table class="result"><tr class="param"><th>Parameter #1</th><th>Parameter #2</th><th>Parameter #3</th><th>Parameter #4</th><th>Parameter #5</th><th>Parameter #6</th></tr><tr class="param stripe"><td>ALL_PAGES</td><td>END_TO_END</td><td>TC04_Product_Comparision</td><td>Verify Product Comparision</td><td>Yes</td><td>High</td></tr></table><p class="totop"><a href="#summary">back to summary</a></p><h3 id="m7">com.testcases.driverscripts.Execute_MainScript#ExecuteTest</h3><table class="result"><tr class="param"><th>Parameter #1</th><th>Parameter #2</th><th>Parameter #3</th><th>Parameter #4</th><th>Parameter #5</th><th>Parameter #6</th></tr><tr class="param stripe"><td>ALL_PAGES</td><td>END_TO_END</td><td>TC02_PLP_Check</td><td>Product Listing page - facet / filters / images / PDP navigation</td><td>Yes</td><td>High</td></tr></table><p class="totop"><a href="#summary">back to summary</a></p><h3 id="m8">com.testcases.driverscripts.Execute_MainScript#ExecuteTest</h3><table class="result"><tr class="param"><th>Parameter #1</th><th>Parameter #2</th><th>Parameter #3</th><th>Parameter #4</th><th>Parameter #5</th><th>Parameter #6</th></tr><tr class="param stripe"><td>ALL_PAGES</td><td>END_TO_END</td><td>TC05_Verify_login</td><td>Verify Login</td><td>Yes</td><td>High</td></tr></table><p class="totop"><a href="#summary">back to summary</a></p><h3 id="m9">com.testcases.driverscripts.Execute_MainScript#ExecuteTest</h3><table class="result"><tr class="param"><th>Parameter #1</th><th>Parameter #2</th><th>Parameter #3</th><th>Parameter #4</th><th>Parameter #5</th><th>Parameter #6</th></tr><tr class="param stripe"><td>ALL_PAGES</td><td>END_TO_END</td><td>TC17_Verify_CheckOut_SplitPayment</td><td>Verify Checkout with Split Payment (CC &amp; GC)</td><td>Yes</td><td>High</td></tr></table><p class="totop"><a href="#summary">back to summary</a></p><h3 id="m10">com.testcases.driverscripts.Execute_MainScript#ExecuteTest</h3><table class="result"><tr class="param"><th>Parameter #1</th><th>Parameter #2</th><th>Parameter #3</th><th>Parameter #4</th><th>Parameter #5</th><th>Parameter #6</th></tr><tr class="param stripe"><td>ALL_PAGES</td><td>END_TO_END</td><td>TC08_Verify_CartOperations</td><td>Verify cart page</td><td>Yes</td><td>High</td></tr></table><p class="totop"><a href="#summary">back to summary</a></p><h3 id="m11">com.testcases.driverscripts.Execute_MainScript#ExecuteTest</h3><table class="result"><tr class="param"><th>Parameter #1</th><th>Parameter #2</th><th>Parameter #3</th><th>Parameter #4</th><th>Parameter #5</th><th>Parameter #6</th></tr><tr class="param stripe"><td>ALL_PAGES</td><td>END_TO_END</td><td>TC10_Search</td><td>Search </td><td>Yes</td><td>High</td></tr></table><p class="totop"><a href="#summary">back to summary</a></p><h3 id="m12">com.testcases.driverscripts.Execute_MainScript#ExecuteTest</h3><table class="result"><tr class="param"><th>Parameter #1</th><th>Parameter #2</th><th>Parameter #3</th><th>Parameter #4</th><th>Parameter #5</th><th>Parameter #6</th></tr><tr class="param stripe"><td>ALL_PAGES</td><td>END_TO_END</td><td>TC12_Verify_CheckOut_Using_Giftcard</td><td>Verify CheckOut Using Giftcard</td><td>Yes</td><td>High</td></tr></table><p class="totop"><a href="#summary">back to summary</a></p><h3 id="m13">com.testcases.driverscripts.Execute_MainScript#ExecuteTest</h3><table class="result"><tr class="param"><th>Parameter #1</th><th>Parameter #2</th><th>Parameter #3</th><th>Parameter #4</th><th>Parameter #5</th><th>Parameter #6</th></tr><tr class="param stripe"><td>ALL_PAGES</td><td>END_TO_END</td><td>TC09_Verify_MiniCart</td><td>Minicart Check</td><td>Yes</td><td>High</td></tr></table><p class="totop"><a href="#summary">back to summary</a></p><h3 id="m14">com.testcases.driverscripts.Execute_MainScript#ExecuteTest</h3><table class="result"><tr class="param"><th>Parameter #1</th><th>Parameter #2</th><th>Parameter #3</th><th>Parameter #4</th><th>Parameter #5</th><th>Parameter #6</th></tr><tr class="param stripe"><td>ALL_PAGES</td><td>END_TO_END</td><td>TC16_Verify_CheckOut_NewShippingAddress</td><td>Verify Checkout with New Shipping Address</td><td>Yes</td><td>High</td></tr></table><p class="totop"><a href="#summary">back to summary</a></p><h3 id="m15">com.testcases.driverscripts.Execute_MainScript#ExecuteTest</h3><table class="result"><tr class="param"><th>Parameter #1</th><th>Parameter #2</th><th>Parameter #3</th><th>Parameter #4</th><th>Parameter #5</th><th>Parameter #6</th></tr><tr class="param stripe"><td>ALL_PAGES</td><td>END_TO_END</td><td>TC07_Verify_MyaccountSection_2</td><td>Verify options present in MYAccount Section - Address book , Profile , Communication address &amp; Wishlist</td><td>Yes</td><td>High</td></tr></table><p class="totop"><a href="#summary">back to summary</a></p><h3 id="m16">com.testcases.driverscripts.Execute_MainScript#ExecuteTest</h3><table class="result"><tr class="param"><th>Parameter #1</th><th>Parameter #2</th><th>Parameter #3</th><th>Parameter #4</th><th>Parameter #5</th><th>Parameter #6</th></tr><tr class="param stripe"><td>ALL_PAGES</td><td>END_TO_END</td><td>TC18_Verify_CheckOut_PickUp_InStore_AND_ShipTo</td><td>Verify Checkout using Ship to &amp; Pick up in store Method</td><td>Yes</td><td>High</td></tr></table><p class="totop"><a href="#summary">back to summary</a></p><h3 id="m17">com.testcases.driverscripts.Execute_MainScript#ExecuteTest</h3><table class="result"><tr class="param"><th>Parameter #1</th><th>Parameter #2</th><th>Parameter #3</th><th>Parameter #4</th><th>Parameter #5</th><th>Parameter #6</th></tr><tr class="param stripe"><td>ALL_PAGES</td><td>END_TO_END</td><td>TC06_Verify_Store_Locator</td><td>Verify Store Locator</td><td>Yes</td><td>High</td></tr></table><p class="totop"><a href="#summary">back to summary</a></p><h3 id="m18">com.testcases.driverscripts.Execute_MainScript#ExecuteTest</h3><table class="result"><tr class="param"><th>Parameter #1</th><th>Parameter #2</th><th>Parameter #3</th><th>Parameter #4</th><th>Parameter #5</th><th>Parameter #6</th></tr><tr class="param stripe"><td>ALL_PAGES</td><td>END_TO_END</td><td>TC15_Verify_CheckOut_MultiShip</td><td>Verify Checkout Multiship</td><td>Yes</td><td>High</td></tr></table><p class="totop"><a href="#summary">back to summary</a></p></body></html>