<!DOCTYPE html>

<html>
  <head>
  <meta charset='utf-8'>
  <title>TestNG reports</title>

    <link type="text/css" href="testng-reports.css" rel="stylesheet" />  
    <script type="text/javascript" src="jquery-1.7.1.min.js"></script>
    <script type="text/javascript" src="testng-reports.js"></script>
    <script type="text/javascript" src="https://www.google.com/jsapi"></script>
    <script type='text/javascript'>
      google.load('visualization', '1', {packages:['table']});
      google.setOnLoadCallback(drawTable);
      var suiteTableInitFunctions = new Array();
      var suiteTableData = new Array();
    </script>
    <!--
      <script type="text/javascript" src="jquery-ui/js/jquery-ui-1.8.16.custom.min.js"></script>
     -->
  </head>

  <body>
    <div class="top-banner-root">
      <span class="top-banner-title-font">Test results</span>
      <br/>
      <span class="top-banner-font-1">1 suite, 3 failed tests</span>
    </div> <!-- top-banner-root -->
    <div class="navigator-root">
      <div class="navigator-suite-header">
        <span>All suites</span>
        <a href="#" class="collapse-all-link" title="Collapse/expand all the suites">
          <img class="collapse-all-icon" src="collapseall.gif">
          </img> <!-- collapse-all-icon -->
        </a> <!-- collapse-all-link -->
      </div> <!-- navigator-suite-header -->
      <div class="suite">
        <div class="rounded-window">
          <div class="suite-header light-rounded-window-top">
            <a href="#" class="navigator-link" panel-name="suite-Suite">
              <span class="suite-name border-failed">Suite</span>
            </a> <!-- navigator-link -->
          </div> <!-- suite-header light-rounded-window-top -->
          <div class="navigator-suite-content">
            <div class="suite-section-title">
              <span>Info</span>
            </div> <!-- suite-section-title -->
            <div class="suite-section-content">
              <ul>
                <li>
                  <a href="#" class="navigator-link " panel-name="test-xml-Suite">
                    <span>D:\ROhit\Rohit\Automation\Demo\AFEES\TestRun.xml</span>
                  </a> <!-- navigator-link  -->
                </li>
                <li>
                  <a href="#" class="navigator-link " panel-name="testlist-Suite">
                    <span class="test-stats">1 test</span>
                  </a> <!-- navigator-link  -->
                </li>
                <li>
                  <a href="#" class="navigator-link " panel-name="group-Suite">
                    <span>0 groups</span>
                  </a> <!-- navigator-link  -->
                </li>
                <li>
                  <a href="#" class="navigator-link " panel-name="times-Suite">
                    <span>Times</span>
                  </a> <!-- navigator-link  -->
                </li>
                <li>
                  <a href="#" class="navigator-link " panel-name="reporter-Suite">
                    <span>Reporter output</span>
                  </a> <!-- navigator-link  -->
                </li>
                <li>
                  <a href="#" class="navigator-link " panel-name="ignored-methods-Suite">
                    <span>Ignored methods</span>
                  </a> <!-- navigator-link  -->
                </li>
                <li>
                  <a href="#" class="navigator-link " panel-name="chronological-Suite">
                    <span>Chronological view</span>
                  </a> <!-- navigator-link  -->
                </li>
              </ul>
            </div> <!-- suite-section-content -->
            <div class="result-section">
              <div class="suite-section-title">
                <span>Results</span>
              </div> <!-- suite-section-title -->
              <div class="suite-section-content">
                <ul>
                  <li>
                    <span class="method-stats">20 methods, 3 failed,   17 passed</span>
                  </li>
                  <li>
                    <span class="method-list-title failed">Failed methods</span>
                    <span class="show-or-hide-methods failed">
                      <a href="#" panel-name="suite-Suite" class="hide-methods failed suite-Suite"> (hide)</a> <!-- hide-methods failed suite-Suite -->
                      <a href="#" panel-name="suite-Suite" class="show-methods failed suite-Suite"> (show)</a> <!-- show-methods failed suite-Suite -->
                    </span>
                    <div class="method-list-content failed suite-Suite">
                      <span>
                        <img width="3%" src="failed.png"/>
                        <a href="#" class="method navigator-link" panel-name="suite-Suite" title="com.testcases.driverscripts.Execute_MainScript" hash-for-method="ExecuteTest(ALL_PAGES, END_TO_END, TC03_PDP_Check, PDP - Normal checks (ship to home / store pick up ), Yes, Hig...)">ExecuteTest(ALL_PAGES, END_TO_END, TC03_PDP_Check, PDP - Normal checks (ship to home / store pick up ), Yes, Hig...)</a> <!-- method navigator-link -->
                      </span>
                      <br/>
                      <span>
                        <img width="3%" src="failed.png"/>
                        <a href="#" class="method navigator-link" panel-name="suite-Suite" title="com.testcases.driverscripts.Execute_MainScript" hash-for-method="ExecuteTest(ALL_PAGES, END_TO_END, TC14_Verify_CheckOut_PickUp_InStore, Verify checkout using Pick up in store m...)">ExecuteTest(ALL_PAGES, END_TO_END, TC14_Verify_CheckOut_PickUp_InStore, Verify checkout using Pick up in store m...)</a> <!-- method navigator-link -->
                      </span>
                      <br/>
                      <span>
                        <img width="3%" src="failed.png"/>
                        <a href="#" class="method navigator-link" panel-name="suite-Suite" title="com.testcases.driverscripts.Execute_MainScript" hash-for-method="ExecuteTest(ALL_PAGES, END_TO_END, TC07_Verify_MyaccountSection_2, Verify options present in MYAccount Section -...)">ExecuteTest(ALL_PAGES, END_TO_END, TC07_Verify_MyaccountSection_2, Verify options present in MYAccount Section -...)</a> <!-- method navigator-link -->
                      </span>
                      <br/>
                    </div> <!-- method-list-content failed suite-Suite -->
                  </li>
                  <li>
                    <span class="method-list-title passed">Passed methods</span>
                    <span class="show-or-hide-methods passed">
                      <a href="#" panel-name="suite-Suite" class="hide-methods passed suite-Suite"> (hide)</a> <!-- hide-methods passed suite-Suite -->
                      <a href="#" panel-name="suite-Suite" class="show-methods passed suite-Suite"> (show)</a> <!-- show-methods passed suite-Suite -->
                    </span>
                    <div class="method-list-content passed suite-Suite">
                      <span>
                        <img width="3%" src="passed.png"/>
                        <a href="#" class="method navigator-link" panel-name="suite-Suite" title="com.testcases.driverscripts.Execute_MainScript" hash-for-method="ExecuteTest(ALL_PAGES, END_TO_END, TC09_Verify_MiniCart, Minicart Check, Yes, High)">ExecuteTest(ALL_PAGES, END_TO_END, TC09_Verify_MiniCart, Minicart Check, Yes, High)</a> <!-- method navigator-link -->
                      </span>
                      <br/>
                      <span>
                        <img width="3%" src="passed.png"/>
                        <a href="#" class="method navigator-link" panel-name="suite-Suite" title="com.testcases.driverscripts.Execute_MainScript" hash-for-method="ExecuteTest(ALL_PAGES, END_TO_END, TC01_Verify_Navigations, Verify Navigations, Yes, High)">ExecuteTest(ALL_PAGES, END_TO_END, TC01_Verify_Navigations, Verify Navigations, Yes, High)</a> <!-- method navigator-link -->
                      </span>
                      <br/>
                      <span>
                        <img width="3%" src="passed.png"/>
                        <a href="#" class="method navigator-link" panel-name="suite-Suite" title="com.testcases.driverscripts.Execute_MainScript" hash-for-method="ExecuteTest(ALL_PAGES, END_TO_END, TC10_Search, Search , Yes, High)">ExecuteTest(ALL_PAGES, END_TO_END, TC10_Search, Search , Yes, High)</a> <!-- method navigator-link -->
                      </span>
                      <br/>
                      <span>
                        <img width="3%" src="passed.png"/>
                        <a href="#" class="method navigator-link" panel-name="suite-Suite" title="com.testcases.driverscripts.Execute_MainScript" hash-for-method="ExecuteTest(ALL_PAGES, END_TO_END, TC05_Verify_login, Verify Login, Yes, High)">ExecuteTest(ALL_PAGES, END_TO_END, TC05_Verify_login, Verify Login, Yes, High)</a> <!-- method navigator-link -->
                      </span>
                      <br/>
                      <span>
                        <img width="3%" src="passed.png"/>
                        <a href="#" class="method navigator-link" panel-name="suite-Suite" title="com.testcases.driverscripts.Execute_MainScript" hash-for-method="ExecuteTest(ALL_PAGES, END_TO_END, TC13_Verify_CheckOut_SingleShip_multiItems, Verify CheckOut SingleShip multiI...)">ExecuteTest(ALL_PAGES, END_TO_END, TC13_Verify_CheckOut_SingleShip_multiItems, Verify CheckOut SingleShip multiI...)</a> <!-- method navigator-link -->
                      </span>
                      <br/>
                      <span>
                        <img width="3%" src="passed.png"/>
                        <a href="#" class="method navigator-link" panel-name="suite-Suite" title="com.testcases.driverscripts.Execute_MainScript" hash-for-method="ExecuteTest(ALL_PAGES, END_TO_END, TC18_Verify_CheckOut_PickUp_InStore_AND_ShipTo, Verify Checkout using Ship to...)">ExecuteTest(ALL_PAGES, END_TO_END, TC18_Verify_CheckOut_PickUp_InStore_AND_ShipTo, Verify Checkout using Ship to...)</a> <!-- method navigator-link -->
                      </span>
                      <br/>
                      <span>
                        <img width="3%" src="passed.png"/>
                        <a href="#" class="method navigator-link" panel-name="suite-Suite" title="com.testcases.driverscripts.Execute_MainScript" hash-for-method="ExecuteTest(ALL_PAGES, END_TO_END, TC11_Verify_CheckOut_SingleShipping, Verify CheckOut - Single Shipping, Yes, ...)">ExecuteTest(ALL_PAGES, END_TO_END, TC11_Verify_CheckOut_SingleShipping, Verify CheckOut - Single Shipping, Yes, ...)</a> <!-- method navigator-link -->
                      </span>
                      <br/>
                      <span>
                        <img width="3%" src="passed.png"/>
                        <a href="#" class="method navigator-link" panel-name="suite-Suite" title="com.testcases.driverscripts.Execute_MainScript" hash-for-method="ExecuteTest(ALL_PAGES, END_TO_END, TC19_Verify_Giftcard_SCS_Site, Verify Checkout Giftcard site(http://129.213.5...)">ExecuteTest(ALL_PAGES, END_TO_END, TC19_Verify_Giftcard_SCS_Site, Verify Checkout Giftcard site(http://129.213.5...)</a> <!-- method navigator-link -->
                      </span>
                      <br/>
                      <span>
                        <img width="3%" src="passed.png"/>
                        <a href="#" class="method navigator-link" panel-name="suite-Suite" title="com.testcases.driverscripts.Execute_MainScript" hash-for-method="ExecuteTest(ALL_PAGES, END_TO_END, TC02_PLP_Check, Product Listing page - facet / filters / images / PDP navigat...)">ExecuteTest(ALL_PAGES, END_TO_END, TC02_PLP_Check, Product Listing page - facet / filters / images / PDP navigat...)</a> <!-- method navigator-link -->
                      </span>
                      <br/>
                      <span>
                        <img width="3%" src="passed.png"/>
                        <a href="#" class="method navigator-link" panel-name="suite-Suite" title="com.testcases.driverscripts.Execute_MainScript" hash-for-method="ExecuteTest(ALL_PAGES, END_TO_END, TC12_Verify_CheckOut_Using_Giftcard, Verify CheckOut Using Giftcard, Yes, Hig...)">ExecuteTest(ALL_PAGES, END_TO_END, TC12_Verify_CheckOut_Using_Giftcard, Verify CheckOut Using Giftcard, Yes, Hig...)</a> <!-- method navigator-link -->
                      </span>
                      <br/>
                      <span>
                        <img width="3%" src="passed.png"/>
                        <a href="#" class="method navigator-link" panel-name="suite-Suite" title="com.testcases.driverscripts.Execute_MainScript" hash-for-method="ExecuteTest(ALL_PAGES, END_TO_END, TC04_Product_Comparision, Verify Product Comparision, Yes, High)">ExecuteTest(ALL_PAGES, END_TO_END, TC04_Product_Comparision, Verify Product Comparision, Yes, High)</a> <!-- method navigator-link -->
                      </span>
                      <br/>
                      <span>
                        <img width="3%" src="passed.png"/>
                        <a href="#" class="method navigator-link" panel-name="suite-Suite" title="com.testcases.driverscripts.Execute_MainScript" hash-for-method="ExecuteTest(ALL_PAGES, END_TO_END, TC15_Verify_CheckOut_MultiShip, Verify Checkout Multiship, Yes, High)">ExecuteTest(ALL_PAGES, END_TO_END, TC15_Verify_CheckOut_MultiShip, Verify Checkout Multiship, Yes, High)</a> <!-- method navigator-link -->
                      </span>
                      <br/>
                      <span>
                        <img width="3%" src="passed.png"/>
                        <a href="#" class="method navigator-link" panel-name="suite-Suite" title="com.testcases.driverscripts.Execute_MainScript" hash-for-method="ExecuteTest(ALL_PAGES, END_TO_END, TC08_Verify_CartOperations, Verify cart page, Yes, High)">ExecuteTest(ALL_PAGES, END_TO_END, TC08_Verify_CartOperations, Verify cart page, Yes, High)</a> <!-- method navigator-link -->
                      </span>
                      <br/>
                      <span>
                        <img width="3%" src="passed.png"/>
                        <a href="#" class="method navigator-link" panel-name="suite-Suite" title="com.testcases.driverscripts.Execute_MainScript" hash-for-method="ExecuteTest(ALL_PAGES, END_TO_END, TC16_Verify_CheckOut_NewShippingAddress, Verify Checkout with New Shipping Ad...)">ExecuteTest(ALL_PAGES, END_TO_END, TC16_Verify_CheckOut_NewShippingAddress, Verify Checkout with New Shipping Ad...)</a> <!-- method navigator-link -->
                      </span>
                      <br/>
                      <span>
                        <img width="3%" src="passed.png"/>
                        <a href="#" class="method navigator-link" panel-name="suite-Suite" title="com.testcases.driverscripts.Execute_MainScript" hash-for-method="ExecuteTest(ALL_PAGES, END_TO_END, TC06_Verify_Store_Locator, Verify Store Locator, Yes, High)">ExecuteTest(ALL_PAGES, END_TO_END, TC06_Verify_Store_Locator, Verify Store Locator, Yes, High)</a> <!-- method navigator-link -->
                      </span>
                      <br/>
                      <span>
                        <img width="3%" src="passed.png"/>
                        <a href="#" class="method navigator-link" panel-name="suite-Suite" title="com.testcases.driverscripts.Execute_MainScript" hash-for-method="ExecuteTest(ALL_PAGES, END_TO_END, TC07_Verify_MyaccountSection_1, Verify options present in MYAccount Section -...)">ExecuteTest(ALL_PAGES, END_TO_END, TC07_Verify_MyaccountSection_1, Verify options present in MYAccount Section -...)</a> <!-- method navigator-link -->
                      </span>
                      <br/>
                      <span>
                        <img width="3%" src="passed.png"/>
                        <a href="#" class="method navigator-link" panel-name="suite-Suite" title="com.testcases.driverscripts.Execute_MainScript" hash-for-method="ExecuteTest(ALL_PAGES, END_TO_END, TC17_Verify_CheckOut_SplitPayment, Verify Checkout with Split Payment (CC &amp; G...)">ExecuteTest(ALL_PAGES, END_TO_END, TC17_Verify_CheckOut_SplitPayment, Verify Checkout with Split Payment (CC & G...)</a> <!-- method navigator-link -->
                      </span>
                      <br/>
                    </div> <!-- method-list-content passed suite-Suite -->
                  </li>
                </ul>
              </div> <!-- suite-section-content -->
            </div> <!-- result-section -->
          </div> <!-- navigator-suite-content -->
        </div> <!-- rounded-window -->
      </div> <!-- suite -->
    </div> <!-- navigator-root -->
    <div class="wrapper">
      <div class="main-panel-root">
        <div panel-name="suite-Suite" class="panel Suite">
          <div class="suite-Suite-class-failed">
            <div class="main-panel-header rounded-window-top">
              <img src="failed.png"/>
              <span class="class-name">com.testcases.driverscripts.Execute_MainScript</span>
            </div> <!-- main-panel-header rounded-window-top -->
            <div class="main-panel-content rounded-window-bottom">
              <div class="method">
                <div class="method-content">
                  <a name="ExecuteTest(ALL_PAGES, END_TO_END, TC03_PDP_Check, PDP - Normal checks (ship to home / store pick up ), Yes, Hig...)">
                  </a> <!-- ExecuteTest(ALL_PAGES, END_TO_END, TC03_PDP_Check, PDP - Normal checks (ship to home / store pick up ), Yes, Hig...) -->
                  <span class="method-name">ExecuteTest</span>
                  <span class="parameters">(ALL_PAGES, END_TO_END, TC03_PDP_Check, PDP - Normal checks (ship to home / store pick up ), Yes, High)</span>
                  <div class="stack-trace">java.lang.AssertionError: NOT able to find element within given time frame...!!! Element name: &apos;.
	at com.testcases.driverscripts.Execute_MainScript.ExecuteTest(Execute_MainScript.java:295)
... Removed 25 stack frames
</div> <!-- stack-trace -->
                </div> <!-- method-content -->
              </div> <!-- method -->
              <div class="method">
                <div class="method-content">
                  <a name="ExecuteTest(ALL_PAGES, END_TO_END, TC14_Verify_CheckOut_PickUp_InStore, Verify checkout using Pick up in store m...)">
                  </a> <!-- ExecuteTest(ALL_PAGES, END_TO_END, TC14_Verify_CheckOut_PickUp_InStore, Verify checkout using Pick up in store m...) -->
                  <span class="method-name">ExecuteTest</span>
                  <span class="parameters">(ALL_PAGES, END_TO_END, TC14_Verify_CheckOut_PickUp_InStore, Verify checkout using Pick up in store method, Yes, High)</span>
                  <div class="stack-trace">java.lang.AssertionError: NOT able to find element within given time frame...!!! Element name: &apos;ConfirmtoOrderReview.
	at com.testcases.driverscripts.Execute_MainScript.ExecuteTest(Execute_MainScript.java:295)
... Removed 25 stack frames
</div> <!-- stack-trace -->
                </div> <!-- method-content -->
              </div> <!-- method -->
              <div class="method">
                <div class="method-content">
                  <a name="ExecuteTest(ALL_PAGES, END_TO_END, TC07_Verify_MyaccountSection_2, Verify options present in MYAccount Section -...)">
                  </a> <!-- ExecuteTest(ALL_PAGES, END_TO_END, TC07_Verify_MyaccountSection_2, Verify options present in MYAccount Section -...) -->
                  <span class="method-name">ExecuteTest</span>
                  <span class="parameters">(ALL_PAGES, END_TO_END, TC07_Verify_MyaccountSection_2, Verify options present in MYAccount Section - Address book , Profile , Communication address & Wishlist, Yes, High)</span>
                  <div class="stack-trace">java.lang.AssertionError: org.openqa.selenium.TimeoutException: timeout
  (Session info: chrome=78.0.3904.97)
  (Driver info: chromedriver=2.44.609538 (b655c5a60b0b544917107a59d4153d4bf78e1b90),platform=Windows NT 10.0.18362 x86_64) (WARNING: The server did not provide any stacktrace information)
Command duration or timeout: 0 milliseconds
Build info: version: &apos;unknown&apos;, revision: &apos;unknown&apos;, time: &apos;unknown&apos;
System info: host: &apos;LSPL309-PC&apos;, ip: &apos;192.168.15.129&apos;, os.name: &apos;Windows 10&apos;, os.arch: &apos;amd64&apos;, os.version: &apos;10.0&apos;, java.version: &apos;1.8.0_101&apos;
Driver info: org.openqa.selenium.chrome.ChromeDriver
Capabilities [{mobileEmulationEnabled=false, hasTouchScreen=false, platform=XP, acceptSslCerts=false, goog:chromeOptions={debuggerAddress=localhost:57881}, acceptInsecureCerts=false, webStorageEnabled=true, browserName=chrome, takesScreenshot=true, javascriptEnabled=true, setWindowRect=true, unexpectedAlertBehaviour=ignore, applicationCacheEnabled=false, rotatable=false, networkConnectionEnabled=false, chrome={chromedriverVersion=2.44.609538 (b655c5a60b0b544917107a59d4153d4bf78e1b90), userDataDir=C:\Users\LSPL309\AppData\Local\Temp\scoped_dir12096_8285}, takesHeapSnapshot=true, pageLoadStrategy=normal, unhandledPromptBehavior=ignore, databaseEnabled=false, handlesAlerts=true, version=78.0.3904.97, browserConnectionEnabled=false, nativeEvents=true, locationContextEnabled=true, cssSelectorsEnabled=true}]
Session ID: 709d0abfcce93b5e5b39d016a3896ab6
	at org.openqa.selenium.remote.ErrorHandler.createThrowable(ErrorHandler.java:215)
	at org.openqa.selenium.remote.ErrorHandler.throwIfResponseFailed(ErrorHandler.java:167)
	at org.openqa.selenium.remote.http.JsonHttpResponseCodec.reconstructValue(JsonHttpResponseCodec.java:40)
	at org.openqa.selenium.remote.http.AbstractHttpResponseCodec.decode(AbstractHttpResponseCodec.java:82)
	at org.openqa.selenium.remote.http.AbstractHttpResponseCodec.decode(AbstractHttpResponseCodec.java:45)
	at org.openqa.selenium.remote.HttpCommandExecutor.execute(HttpCommandExecutor.java:164)
	at org.openqa.selenium.remote.service.DriverCommandExecutor.execute(DriverCommandExecutor.java:82)
	at org.openqa.selenium.remote.RemoteWebDriver.execute(RemoteWebDriver.java:641)
	at org.openqa.selenium.remote.RemoteWebDriver.get(RemoteWebDriver.java:368)
	at com.operations.Common.Keywords.NAVIGATE_URL(Keywords.java:285)
	at com.operations.Common.Keywords_finder.perform(Keywords_finder.java:88)
	at com.operations.Common.Script_executor.Execute_script(Script_executor.java:111)
	at com.testcases.driverscripts.Execute_MainScript.ExecuteTest(Execute_MainScript.java:259)
org.openqa.selenium.ElementNotVisibleException: element not interactable
  (Session info: chrome=78.0.3904.97)
  (Driver info: chromedriver=2.44.609538 (b655c5a60b0b544917107a59d4153d4bf78e1b90),platform=Windows NT 10.0.18362 x86_64) (WARNING: The server did not provide any stacktrace information)
Command duration or timeout: 0 milliseconds
Build info: version: &apos;unknown&apos;, revision: &apos;unknown&apos;, time: &apos;unknown&apos;
System info: host: &apos;LSPL309-PC&apos;, ip: &apos;192.168.15.129&apos;, os.name: &apos;Windows 10&apos;, os.arch: &apos;amd64&apos;, os.version: &apos;10.0&apos;, java.version: &apos;1.8.0_101&apos;
Driver info: org.openqa.selenium.chrome.ChromeDriver
Capabilities [{mobileEmulationEnabled=false, hasTouchScreen=false, platform=XP, acceptSslCerts=false, goog:chromeOptions={debuggerAddress=localhost:57881}, acceptInsecureCerts=false, webStorageEnabled=true, browserName=chrome, takesScreenshot=true, javascriptEnabled=true, setWindowRect=true, unexpectedAlertBehaviour=ignore, applicationCacheEnabled=false, rotatable=false, networkConnectionEnabled=false, chrome={chromedriverVersion=2.44.609538 (b655c5a60b0b544917107a59d4153d4bf78e1b90), userDataDir=C:\Users\LSPL309\AppData\Local\Temp\scoped_dir12096_8285}, takesHeapSnapshot=true, pageLoadStrategy=normal, unhandledPromptBehavior=ignore, databaseEnabled=false, handlesAlerts=true, version=78.0.3904.97, browserConnectionEnabled=false, nativeEvents=true, locationContextEnabled=true, cssSelectorsEnabled=true}]
Session ID: 709d0abfcce93b5e5b39d016a3896ab6
	at org.openqa.selenium.remote.ErrorHandler.createThrowable(ErrorHandler.java:215)
	at org.openqa.selenium.remote.ErrorHandler.throwIfResponseFailed(ErrorHandler.java:167)
	at org.openqa.selenium.remote.http.JsonHttpResponseCodec.reconstructValue(JsonHttpResponseCodec.java:40)
	at org.openqa.selenium.remote.http.AbstractHttpResponseCodec.decode(AbstractHttpResponseCodec.java:82)
	at org.openqa.selenium.remote.http.AbstractHttpResponseCodec.decode(AbstractHttpResponseCodec.java:45)
	at org.openqa.selenium.remote.HttpCommandExecutor.execute(HttpCommandExecutor.java:164)
	at org.openqa.selenium.remote.service.DriverCommandExecutor.execute(DriverCommandExecutor.java:82)
	at org.openqa.selenium.remote.RemoteWebDriver.execute(RemoteWebDriver.java:641)
	at org.openqa.selenium.remote.RemoteWebElement.execute(RemoteWebElement.java:275)
	at org.openqa.selenium.remote.RemoteWebElement.click(RemoteWebElement.java:82)
	at com.operations.Common.Keywords.CLICK(Keywords.java:162)
	at com.operations.Common.Keywords_finder.perform(Keywords_finder.java:64)
	at com.operations.Common.Script_executor.Execute_script(Script_executor.java:116)
	at com.testcases.driverscripts.Execute_MainScript.ExecuteTest(Execute_MainScript.java:259)

	at com.testcases.driverscripts.Execute_MainScript.ExecuteTest(Execute_MainScript.java:373)
... Removed 81 stack frames
</div> <!-- stack-trace -->
                </div> <!-- method-content -->
              </div> <!-- method -->
            </div> <!-- main-panel-content rounded-window-bottom -->
          </div> <!-- suite-Suite-class-failed -->
          <div class="suite-Suite-class-passed">
            <div class="main-panel-header rounded-window-top">
              <img src="passed.png"/>
              <span class="class-name">com.testcases.driverscripts.Execute_MainScript</span>
            </div> <!-- main-panel-header rounded-window-top -->
            <div class="main-panel-content rounded-window-bottom">
              <div class="method">
                <div class="method-content">
                  <a name="ExecuteTest(ALL_PAGES, END_TO_END, TC09_Verify_MiniCart, Minicart Check, Yes, High)">
                  </a> <!-- ExecuteTest(ALL_PAGES, END_TO_END, TC09_Verify_MiniCart, Minicart Check, Yes, High) -->
                  <span class="method-name">ExecuteTest</span>
                  <span class="parameters">(ALL_PAGES, END_TO_END, TC09_Verify_MiniCart, Minicart Check, Yes, High)</span>
                </div> <!-- method-content -->
              </div> <!-- method -->
              <div class="method">
                <div class="method-content">
                  <a name="ExecuteTest(ALL_PAGES, END_TO_END, TC01_Verify_Navigations, Verify Navigations, Yes, High)">
                  </a> <!-- ExecuteTest(ALL_PAGES, END_TO_END, TC01_Verify_Navigations, Verify Navigations, Yes, High) -->
                  <span class="method-name">ExecuteTest</span>
                  <span class="parameters">(ALL_PAGES, END_TO_END, TC01_Verify_Navigations, Verify Navigations, Yes, High)</span>
                </div> <!-- method-content -->
              </div> <!-- method -->
              <div class="method">
                <div class="method-content">
                  <a name="ExecuteTest(ALL_PAGES, END_TO_END, TC10_Search, Search , Yes, High)">
                  </a> <!-- ExecuteTest(ALL_PAGES, END_TO_END, TC10_Search, Search , Yes, High) -->
                  <span class="method-name">ExecuteTest</span>
                  <span class="parameters">(ALL_PAGES, END_TO_END, TC10_Search, Search , Yes, High)</span>
                </div> <!-- method-content -->
              </div> <!-- method -->
              <div class="method">
                <div class="method-content">
                  <a name="ExecuteTest(ALL_PAGES, END_TO_END, TC05_Verify_login, Verify Login, Yes, High)">
                  </a> <!-- ExecuteTest(ALL_PAGES, END_TO_END, TC05_Verify_login, Verify Login, Yes, High) -->
                  <span class="method-name">ExecuteTest</span>
                  <span class="parameters">(ALL_PAGES, END_TO_END, TC05_Verify_login, Verify Login, Yes, High)</span>
                </div> <!-- method-content -->
              </div> <!-- method -->
              <div class="method">
                <div class="method-content">
                  <a name="ExecuteTest(ALL_PAGES, END_TO_END, TC13_Verify_CheckOut_SingleShip_multiItems, Verify CheckOut SingleShip multiI...)">
                  </a> <!-- ExecuteTest(ALL_PAGES, END_TO_END, TC13_Verify_CheckOut_SingleShip_multiItems, Verify CheckOut SingleShip multiI...) -->
                  <span class="method-name">ExecuteTest</span>
                  <span class="parameters">(ALL_PAGES, END_TO_END, TC13_Verify_CheckOut_SingleShip_multiItems, Verify CheckOut SingleShip multiItems, Yes, High)</span>
                </div> <!-- method-content -->
              </div> <!-- method -->
              <div class="method">
                <div class="method-content">
                  <a name="ExecuteTest(ALL_PAGES, END_TO_END, TC18_Verify_CheckOut_PickUp_InStore_AND_ShipTo, Verify Checkout using Ship to...)">
                  </a> <!-- ExecuteTest(ALL_PAGES, END_TO_END, TC18_Verify_CheckOut_PickUp_InStore_AND_ShipTo, Verify Checkout using Ship to...) -->
                  <span class="method-name">ExecuteTest</span>
                  <span class="parameters">(ALL_PAGES, END_TO_END, TC18_Verify_CheckOut_PickUp_InStore_AND_ShipTo, Verify Checkout using Ship to & Pick up in store Method, Yes, High)</span>
                </div> <!-- method-content -->
              </div> <!-- method -->
              <div class="method">
                <div class="method-content">
                  <a name="ExecuteTest(ALL_PAGES, END_TO_END, TC11_Verify_CheckOut_SingleShipping, Verify CheckOut - Single Shipping, Yes, ...)">
                  </a> <!-- ExecuteTest(ALL_PAGES, END_TO_END, TC11_Verify_CheckOut_SingleShipping, Verify CheckOut - Single Shipping, Yes, ...) -->
                  <span class="method-name">ExecuteTest</span>
                  <span class="parameters">(ALL_PAGES, END_TO_END, TC11_Verify_CheckOut_SingleShipping, Verify CheckOut - Single Shipping, Yes, High)</span>
                </div> <!-- method-content -->
              </div> <!-- method -->
              <div class="method">
                <div class="method-content">
                  <a name="ExecuteTest(ALL_PAGES, END_TO_END, TC19_Verify_Giftcard_SCS_Site, Verify Checkout Giftcard site(http://129.213.5...)">
                  </a> <!-- ExecuteTest(ALL_PAGES, END_TO_END, TC19_Verify_Giftcard_SCS_Site, Verify Checkout Giftcard site(http://129.213.5...) -->
                  <span class="method-name">ExecuteTest</span>
                  <span class="parameters">(ALL_PAGES, END_TO_END, TC19_Verify_Giftcard_SCS_Site, Verify Checkout Giftcard site(http://129.213.54.196:8002/scs/gift-card), Yes, High)</span>
                </div> <!-- method-content -->
              </div> <!-- method -->
              <div class="method">
                <div class="method-content">
                  <a name="ExecuteTest(ALL_PAGES, END_TO_END, TC02_PLP_Check, Product Listing page - facet / filters / images / PDP navigat...)">
                  </a> <!-- ExecuteTest(ALL_PAGES, END_TO_END, TC02_PLP_Check, Product Listing page - facet / filters / images / PDP navigat...) -->
                  <span class="method-name">ExecuteTest</span>
                  <span class="parameters">(ALL_PAGES, END_TO_END, TC02_PLP_Check, Product Listing page - facet / filters / images / PDP navigation, Yes, High)</span>
                </div> <!-- method-content -->
              </div> <!-- method -->
              <div class="method">
                <div class="method-content">
                  <a name="ExecuteTest(ALL_PAGES, END_TO_END, TC12_Verify_CheckOut_Using_Giftcard, Verify CheckOut Using Giftcard, Yes, Hig...)">
                  </a> <!-- ExecuteTest(ALL_PAGES, END_TO_END, TC12_Verify_CheckOut_Using_Giftcard, Verify CheckOut Using Giftcard, Yes, Hig...) -->
                  <span class="method-name">ExecuteTest</span>
                  <span class="parameters">(ALL_PAGES, END_TO_END, TC12_Verify_CheckOut_Using_Giftcard, Verify CheckOut Using Giftcard, Yes, High)</span>
                </div> <!-- method-content -->
              </div> <!-- method -->
              <div class="method">
                <div class="method-content">
                  <a name="ExecuteTest(ALL_PAGES, END_TO_END, TC04_Product_Comparision, Verify Product Comparision, Yes, High)">
                  </a> <!-- ExecuteTest(ALL_PAGES, END_TO_END, TC04_Product_Comparision, Verify Product Comparision, Yes, High) -->
                  <span class="method-name">ExecuteTest</span>
                  <span class="parameters">(ALL_PAGES, END_TO_END, TC04_Product_Comparision, Verify Product Comparision, Yes, High)</span>
                </div> <!-- method-content -->
              </div> <!-- method -->
              <div class="method">
                <div class="method-content">
                  <a name="ExecuteTest(ALL_PAGES, END_TO_END, TC15_Verify_CheckOut_MultiShip, Verify Checkout Multiship, Yes, High)">
                  </a> <!-- ExecuteTest(ALL_PAGES, END_TO_END, TC15_Verify_CheckOut_MultiShip, Verify Checkout Multiship, Yes, High) -->
                  <span class="method-name">ExecuteTest</span>
                  <span class="parameters">(ALL_PAGES, END_TO_END, TC15_Verify_CheckOut_MultiShip, Verify Checkout Multiship, Yes, High)</span>
                </div> <!-- method-content -->
              </div> <!-- method -->
              <div class="method">
                <div class="method-content">
                  <a name="ExecuteTest(ALL_PAGES, END_TO_END, TC08_Verify_CartOperations, Verify cart page, Yes, High)">
                  </a> <!-- ExecuteTest(ALL_PAGES, END_TO_END, TC08_Verify_CartOperations, Verify cart page, Yes, High) -->
                  <span class="method-name">ExecuteTest</span>
                  <span class="parameters">(ALL_PAGES, END_TO_END, TC08_Verify_CartOperations, Verify cart page, Yes, High)</span>
                </div> <!-- method-content -->
              </div> <!-- method -->
              <div class="method">
                <div class="method-content">
                  <a name="ExecuteTest(ALL_PAGES, END_TO_END, TC16_Verify_CheckOut_NewShippingAddress, Verify Checkout with New Shipping Ad...)">
                  </a> <!-- ExecuteTest(ALL_PAGES, END_TO_END, TC16_Verify_CheckOut_NewShippingAddress, Verify Checkout with New Shipping Ad...) -->
                  <span class="method-name">ExecuteTest</span>
                  <span class="parameters">(ALL_PAGES, END_TO_END, TC16_Verify_CheckOut_NewShippingAddress, Verify Checkout with New Shipping Address, Yes, High)</span>
                </div> <!-- method-content -->
              </div> <!-- method -->
              <div class="method">
                <div class="method-content">
                  <a name="ExecuteTest(ALL_PAGES, END_TO_END, TC06_Verify_Store_Locator, Verify Store Locator, Yes, High)">
                  </a> <!-- ExecuteTest(ALL_PAGES, END_TO_END, TC06_Verify_Store_Locator, Verify Store Locator, Yes, High) -->
                  <span class="method-name">ExecuteTest</span>
                  <span class="parameters">(ALL_PAGES, END_TO_END, TC06_Verify_Store_Locator, Verify Store Locator, Yes, High)</span>
                </div> <!-- method-content -->
              </div> <!-- method -->
              <div class="method">
                <div class="method-content">
                  <a name="ExecuteTest(ALL_PAGES, END_TO_END, TC07_Verify_MyaccountSection_1, Verify options present in MYAccount Section -...)">
                  </a> <!-- ExecuteTest(ALL_PAGES, END_TO_END, TC07_Verify_MyaccountSection_1, Verify options present in MYAccount Section -...) -->
                  <span class="method-name">ExecuteTest</span>
                  <span class="parameters">(ALL_PAGES, END_TO_END, TC07_Verify_MyaccountSection_1, Verify options present in MYAccount Section - Order history , Credit card & Subscriptions, Yes, High)</span>
                </div> <!-- method-content -->
              </div> <!-- method -->
              <div class="method">
                <div class="method-content">
                  <a name="ExecuteTest(ALL_PAGES, END_TO_END, TC17_Verify_CheckOut_SplitPayment, Verify Checkout with Split Payment (CC &amp; G...)">
                  </a> <!-- ExecuteTest(ALL_PAGES, END_TO_END, TC17_Verify_CheckOut_SplitPayment, Verify Checkout with Split Payment (CC & G...) -->
                  <span class="method-name">ExecuteTest</span>
                  <span class="parameters">(ALL_PAGES, END_TO_END, TC17_Verify_CheckOut_SplitPayment, Verify Checkout with Split Payment (CC & GC), Yes, High)</span>
                </div> <!-- method-content -->
              </div> <!-- method -->
            </div> <!-- main-panel-content rounded-window-bottom -->
          </div> <!-- suite-Suite-class-passed -->
        </div> <!-- panel Suite -->
        <div panel-name="test-xml-Suite" class="panel">
          <div class="main-panel-header rounded-window-top">
            <span class="header-content">D:\ROhit\Rohit\Automation\Demo\AFEES\TestRun.xml</span>
          </div> <!-- main-panel-header rounded-window-top -->
          <div class="main-panel-content rounded-window-bottom">
            <pre>
&lt;?xml version=&quot;1.0&quot; encoding=&quot;UTF-8&quot;?&gt;
&lt;!DOCTYPE suite SYSTEM &quot;http://testng.org/testng-1.0.dtd&quot;&gt;
&lt;suite guice-stage=&quot;DEVELOPMENT&quot; name=&quot;Suite&quot;&gt;
  &lt;test name=&quot;Chrome_test&quot;&gt;
    &lt;parameter name=&quot;DeviceScrWidth&quot; value=&quot;375&quot;/&gt;
    &lt;parameter name=&quot;Device&quot; value=&quot;iphone X&quot;/&gt;
    &lt;parameter name=&quot;browser&quot; value=&quot;chrome&quot;/&gt;
    &lt;parameter name=&quot;Channel&quot; value=&quot;Desktop&quot;/&gt;
    &lt;parameter name=&quot;DeviceScrHeight&quot; value=&quot;812&quot;/&gt;
    &lt;classes&gt;
      &lt;class name=&quot;com.testcases.driverscripts.Execute_MainScript&quot;/&gt;
    &lt;/classes&gt;
  &lt;/test&gt; &lt;!-- Chrome_test --&gt;
&lt;/suite&gt; &lt;!-- Suite --&gt;
            </pre>
          </div> <!-- main-panel-content rounded-window-bottom -->
        </div> <!-- panel -->
        <div panel-name="testlist-Suite" class="panel">
          <div class="main-panel-header rounded-window-top">
            <span class="header-content">Tests for Suite</span>
          </div> <!-- main-panel-header rounded-window-top -->
          <div class="main-panel-content rounded-window-bottom">
            <ul>
              <li>
                <span class="test-name">Chrome_test (1 class)</span>
              </li>
            </ul>
          </div> <!-- main-panel-content rounded-window-bottom -->
        </div> <!-- panel -->
        <div panel-name="group-Suite" class="panel">
          <div class="main-panel-header rounded-window-top">
            <span class="header-content">Groups for Suite</span>
          </div> <!-- main-panel-header rounded-window-top -->
          <div class="main-panel-content rounded-window-bottom">
          </div> <!-- main-panel-content rounded-window-bottom -->
        </div> <!-- panel -->
        <div panel-name="times-Suite" class="panel">
          <div class="main-panel-header rounded-window-top">
            <span class="header-content">Times for Suite</span>
          </div> <!-- main-panel-header rounded-window-top -->
          <div class="main-panel-content rounded-window-bottom">
            <div class="times-div">
              <script type="text/javascript">
suiteTableInitFunctions.push('tableData_Suite');
function tableData_Suite() {
var data = new google.visualization.DataTable();
data.addColumn('number', 'Number');
data.addColumn('string', 'Method');
data.addColumn('string', 'Class');
data.addColumn('number', 'Time (ms)');
data.addRows(20);
data.setCell(0, 0, 0)
data.setCell(0, 1, 'ExecuteTest')
data.setCell(0, 2, 'com.testcases.driverscripts.Execute_MainScript')
data.setCell(0, 3, 380631);
data.setCell(1, 0, 1)
data.setCell(1, 1, 'ExecuteTest')
data.setCell(1, 2, 'com.testcases.driverscripts.Execute_MainScript')
data.setCell(1, 3, 300114);
data.setCell(2, 0, 2)
data.setCell(2, 1, 'ExecuteTest')
data.setCell(2, 2, 'com.testcases.driverscripts.Execute_MainScript')
data.setCell(2, 3, 215669);
data.setCell(3, 0, 3)
data.setCell(3, 1, 'ExecuteTest')
data.setCell(3, 2, 'com.testcases.driverscripts.Execute_MainScript')
data.setCell(3, 3, 160048);
data.setCell(4, 0, 4)
data.setCell(4, 1, 'ExecuteTest')
data.setCell(4, 2, 'com.testcases.driverscripts.Execute_MainScript')
data.setCell(4, 3, 153837);
data.setCell(5, 0, 5)
data.setCell(5, 1, 'ExecuteTest')
data.setCell(5, 2, 'com.testcases.driverscripts.Execute_MainScript')
data.setCell(5, 3, 132806);
data.setCell(6, 0, 6)
data.setCell(6, 1, 'ExecuteTest')
data.setCell(6, 2, 'com.testcases.driverscripts.Execute_MainScript')
data.setCell(6, 3, 129231);
data.setCell(7, 0, 7)
data.setCell(7, 1, 'ExecuteTest')
data.setCell(7, 2, 'com.testcases.driverscripts.Execute_MainScript')
data.setCell(7, 3, 126519);
data.setCell(8, 0, 8)
data.setCell(8, 1, 'ExecuteTest')
data.setCell(8, 2, 'com.testcases.driverscripts.Execute_MainScript')
data.setCell(8, 3, 115207);
data.setCell(9, 0, 9)
data.setCell(9, 1, 'ExecuteTest')
data.setCell(9, 2, 'com.testcases.driverscripts.Execute_MainScript')
data.setCell(9, 3, 114479);
data.setCell(10, 0, 10)
data.setCell(10, 1, 'ExecuteTest')
data.setCell(10, 2, 'com.testcases.driverscripts.Execute_MainScript')
data.setCell(10, 3, 107960);
data.setCell(11, 0, 11)
data.setCell(11, 1, 'ExecuteTest')
data.setCell(11, 2, 'com.testcases.driverscripts.Execute_MainScript')
data.setCell(11, 3, 105661);
data.setCell(12, 0, 12)
data.setCell(12, 1, 'ExecuteTest')
data.setCell(12, 2, 'com.testcases.driverscripts.Execute_MainScript')
data.setCell(12, 3, 97154);
data.setCell(13, 0, 13)
data.setCell(13, 1, 'ExecuteTest')
data.setCell(13, 2, 'com.testcases.driverscripts.Execute_MainScript')
data.setCell(13, 3, 74134);
data.setCell(14, 0, 14)
data.setCell(14, 1, 'ExecuteTest')
data.setCell(14, 2, 'com.testcases.driverscripts.Execute_MainScript')
data.setCell(14, 3, 59707);
data.setCell(15, 0, 15)
data.setCell(15, 1, 'ExecuteTest')
data.setCell(15, 2, 'com.testcases.driverscripts.Execute_MainScript')
data.setCell(15, 3, 34609);
data.setCell(16, 0, 16)
data.setCell(16, 1, 'ExecuteTest')
data.setCell(16, 2, 'com.testcases.driverscripts.Execute_MainScript')
data.setCell(16, 3, 28542);
data.setCell(17, 0, 17)
data.setCell(17, 1, 'ExecuteTest')
data.setCell(17, 2, 'com.testcases.driverscripts.Execute_MainScript')
data.setCell(17, 3, 22449);
data.setCell(18, 0, 18)
data.setCell(18, 1, 'ExecuteTest')
data.setCell(18, 2, 'com.testcases.driverscripts.Execute_MainScript')
data.setCell(18, 3, 22220);
data.setCell(19, 0, 19)
data.setCell(19, 1, 'ExecuteTest')
data.setCell(19, 2, 'com.testcases.driverscripts.Execute_MainScript')
data.setCell(19, 3, 20350);
window.suiteTableData['Suite']= { tableData: data, tableDiv: 'times-div-Suite'}
return data;
}
              </script>
              <span class="suite-total-time">Total running time: 40 minutes</span>
              <div id="times-div-Suite">
              </div> <!-- times-div-Suite -->
            </div> <!-- times-div -->
          </div> <!-- main-panel-content rounded-window-bottom -->
        </div> <!-- panel -->
        <div panel-name="reporter-Suite" class="panel">
          <div class="main-panel-header rounded-window-top">
            <span class="header-content">Reporter output for Suite</span>
          </div> <!-- main-panel-header rounded-window-top -->
          <div class="main-panel-content rounded-window-bottom">
          </div> <!-- main-panel-content rounded-window-bottom -->
        </div> <!-- panel -->
        <div panel-name="ignored-methods-Suite" class="panel">
          <div class="main-panel-header rounded-window-top">
            <span class="header-content">0 ignored methods</span>
          </div> <!-- main-panel-header rounded-window-top -->
          <div class="main-panel-content rounded-window-bottom">
          </div> <!-- main-panel-content rounded-window-bottom -->
        </div> <!-- panel -->
        <div panel-name="chronological-Suite" class="panel">
          <div class="main-panel-header rounded-window-top">
            <span class="header-content">Methods in chronological order</span>
          </div> <!-- main-panel-header rounded-window-top -->
          <div class="main-panel-content rounded-window-bottom">
            <div class="chronological-class">
              <div class="chronological-class-name">com.testcases.driverscripts.Execute_MainScript</div> <!-- chronological-class-name -->
              <div class="configuration-suite before">
                <span class="method-name">Pre_requisite</span>
                <span class="method-start">0 ms</span>
              </div> <!-- configuration-suite before -->
              <div class="configuration-test before">
                <span class="method-name">EnvSetup(chrome, Desktop, iphone X, 812, 375)</span>
                <span class="method-start">133 ms</span>
              </div> <!-- configuration-test before -->
              <div class="test-method">
                <span class="method-name">ExecuteTest(ALL_PAGES, END_TO_END, TC01_Verify_Navigations, Verify Navigations, Yes, High)</span>
                <span class="method-start">10896 ms</span>
              </div> <!-- test-method -->
              <div class="configuration-method after">
                <span class="method-name">TestResults([TestResult name=ExecuteTest status=SUCCESS method=Execute_MainScript.ExecuteTest(java.lang.String, ...)</span>
                <span class="method-start">33346 ms</span>
              </div> <!-- configuration-method after -->
              <div class="test-method">
                <span class="method-name">ExecuteTest(ALL_PAGES, END_TO_END, TC02_PLP_Check, Product Listing page - facet / filters / images / PDP navigat...)</span>
                <span class="method-start">33354 ms</span>
              </div> <!-- test-method -->
              <div class="configuration-method after">
                <span class="method-name">TestResults([TestResult name=ExecuteTest status=SUCCESS method=Execute_MainScript.ExecuteTest(java.lang.String, ...)</span>
                <span class="method-start">159873 ms</span>
              </div> <!-- configuration-method after -->
              <div class="test-method">
                <img src="failed.png">
                </img>
                <span class="method-name">ExecuteTest(ALL_PAGES, END_TO_END, TC03_PDP_Check, PDP - Normal checks (ship to home / store pick up ), Yes, Hig...)</span>
                <span class="method-start">159877 ms</span>
              </div> <!-- test-method -->
              <div class="test-method">
                <span class="method-name">ExecuteTest(ALL_PAGES, END_TO_END, TC04_Product_Comparision, Verify Product Comparision, Yes, High)</span>
                <span class="method-start">459995 ms</span>
              </div> <!-- test-method -->
              <div class="configuration-method after">
                <span class="method-name">TestResults([TestResult name=ExecuteTest status=FAILURE method=Execute_MainScript.ExecuteTest(java.lang.String, ...)</span>
                <span class="method-start">459995 ms</span>
              </div> <!-- configuration-method after -->
              <div class="configuration-method after">
                <span class="method-name">TestResults([TestResult name=ExecuteTest status=SUCCESS method=Execute_MainScript.ExecuteTest(java.lang.String, ...)</span>
                <span class="method-start">534129 ms</span>
              </div> <!-- configuration-method after -->
              <div class="test-method">
                <span class="method-name">ExecuteTest(ALL_PAGES, END_TO_END, TC05_Verify_login, Verify Login, Yes, High)</span>
                <span class="method-start">534133 ms</span>
              </div> <!-- test-method -->
              <div class="test-method">
                <span class="method-name">ExecuteTest(ALL_PAGES, END_TO_END, TC06_Verify_Store_Locator, Verify Store Locator, Yes, High)</span>
                <span class="method-start">554483 ms</span>
              </div> <!-- test-method -->
              <div class="configuration-method after">
                <span class="method-name">TestResults([TestResult name=ExecuteTest status=SUCCESS method=Execute_MainScript.ExecuteTest(java.lang.String, ...)</span>
                <span class="method-start">554483 ms</span>
              </div> <!-- configuration-method after -->
              <div class="test-method">
                <span class="method-name">ExecuteTest(ALL_PAGES, END_TO_END, TC07_Verify_MyaccountSection_1, Verify options present in MYAccount Section -...)</span>
                <span class="method-start">576704 ms</span>
              </div> <!-- test-method -->
              <div class="configuration-method after">
                <span class="method-name">TestResults([TestResult name=ExecuteTest status=SUCCESS method=Execute_MainScript.ExecuteTest(java.lang.String, ...)</span>
                <span class="method-start">576704 ms</span>
              </div> <!-- configuration-method after -->
              <div class="test-method">
                <img src="failed.png">
                </img>
                <span class="method-name">ExecuteTest(ALL_PAGES, END_TO_END, TC07_Verify_MyaccountSection_2, Verify options present in MYAccount Section -...)</span>
                <span class="method-start">673858 ms</span>
              </div> <!-- test-method -->
              <div class="configuration-method after">
                <span class="method-name">TestResults([TestResult name=ExecuteTest status=SUCCESS method=Execute_MainScript.ExecuteTest(java.lang.String, ...)</span>
                <span class="method-start">673858 ms</span>
              </div> <!-- configuration-method after -->
              <div class="test-method">
                <span class="method-name">ExecuteTest(ALL_PAGES, END_TO_END, TC08_Verify_CartOperations, Verify cart page, Yes, High)</span>
                <span class="method-start">779523 ms</span>
              </div> <!-- test-method -->
              <div class="configuration-method after">
                <span class="method-name">TestResults([TestResult name=ExecuteTest status=FAILURE method=Execute_MainScript.ExecuteTest(java.lang.String, ...)</span>
                <span class="method-start">779523 ms</span>
              </div> <!-- configuration-method after -->
              <div class="test-method">
                <span class="method-name">ExecuteTest(ALL_PAGES, END_TO_END, TC09_Verify_MiniCart, Minicart Check, Yes, High)</span>
                <span class="method-start">912329 ms</span>
              </div> <!-- test-method -->
              <div class="configuration-method after">
                <span class="method-name">TestResults([TestResult name=ExecuteTest status=SUCCESS method=Execute_MainScript.ExecuteTest(java.lang.String, ...)</span>
                <span class="method-start">912329 ms</span>
              </div> <!-- configuration-method after -->
              <div class="test-method">
                <span class="method-name">ExecuteTest(ALL_PAGES, END_TO_END, TC10_Search, Search , Yes, High)</span>
                <span class="method-start">946938 ms</span>
              </div> <!-- test-method -->
              <div class="configuration-method after">
                <span class="method-name">TestResults([TestResult name=ExecuteTest status=SUCCESS method=Execute_MainScript.ExecuteTest(java.lang.String, ...)</span>
                <span class="method-start">946938 ms</span>
              </div> <!-- configuration-method after -->
              <div class="test-method">
                <span class="method-name">ExecuteTest(ALL_PAGES, END_TO_END, TC11_Verify_CheckOut_SingleShipping, Verify CheckOut - Single Shipping, Yes, ...)</span>
                <span class="method-start">975480 ms</span>
              </div> <!-- test-method -->
              <div class="configuration-method after">
                <span class="method-name">TestResults([TestResult name=ExecuteTest status=SUCCESS method=Execute_MainScript.ExecuteTest(java.lang.String, ...)</span>
                <span class="method-start">975480 ms</span>
              </div> <!-- configuration-method after -->
              <div class="test-method">
                <span class="method-name">ExecuteTest(ALL_PAGES, END_TO_END, TC12_Verify_CheckOut_Using_Giftcard, Verify CheckOut Using Giftcard, Yes, Hig...)</span>
                <span class="method-start">1089960 ms</span>
              </div> <!-- test-method -->
              <div class="configuration-method after">
                <span class="method-name">TestResults([TestResult name=ExecuteTest status=SUCCESS method=Execute_MainScript.ExecuteTest(java.lang.String, ...)</span>
                <span class="method-start">1089960 ms</span>
              </div> <!-- configuration-method after -->
              <div class="test-method">
                <span class="method-name">ExecuteTest(ALL_PAGES, END_TO_END, TC13_Verify_CheckOut_SingleShip_multiItems, Verify CheckOut SingleShip multiI...)</span>
                <span class="method-start">1205167 ms</span>
              </div> <!-- test-method -->
              <div class="configuration-method after">
                <span class="method-name">TestResults([TestResult name=ExecuteTest status=SUCCESS method=Execute_MainScript.ExecuteTest(java.lang.String, ...)</span>
                <span class="method-start">1205167 ms</span>
              </div> <!-- configuration-method after -->
              <div class="test-method">
                <img src="failed.png">
                </img>
                <span class="method-name">ExecuteTest(ALL_PAGES, END_TO_END, TC14_Verify_CheckOut_PickUp_InStore, Verify checkout using Pick up in store m...)</span>
                <span class="method-start">1313127 ms</span>
              </div> <!-- test-method -->
              <div class="configuration-method after">
                <span class="method-name">TestResults([TestResult name=ExecuteTest status=SUCCESS method=Execute_MainScript.ExecuteTest(java.lang.String, ...)</span>
                <span class="method-start">1313127 ms</span>
              </div> <!-- configuration-method after -->
              <div class="test-method">
                <span class="method-name">ExecuteTest(ALL_PAGES, END_TO_END, TC15_Verify_CheckOut_MultiShip, Verify Checkout Multiship, Yes, High)</span>
                <span class="method-start">1693762 ms</span>
              </div> <!-- test-method -->
              <div class="configuration-method after">
                <span class="method-name">TestResults([TestResult name=ExecuteTest status=FAILURE method=Execute_MainScript.ExecuteTest(java.lang.String, ...)</span>
                <span class="method-start">1693762 ms</span>
              </div> <!-- configuration-method after -->
              <div class="test-method">
                <span class="method-name">ExecuteTest(ALL_PAGES, END_TO_END, TC16_Verify_CheckOut_NewShippingAddress, Verify Checkout with New Shipping Ad...)</span>
                <span class="method-start">1822993 ms</span>
              </div> <!-- test-method -->
              <div class="configuration-method after">
                <span class="method-name">TestResults([TestResult name=ExecuteTest status=SUCCESS method=Execute_MainScript.ExecuteTest(java.lang.String, ...)</span>
                <span class="method-start">1822993 ms</span>
              </div> <!-- configuration-method after -->
              <div class="configuration-method after">
                <span class="method-name">TestResults([TestResult name=ExecuteTest status=SUCCESS method=Execute_MainScript.ExecuteTest(java.lang.String, ...)</span>
                <span class="method-start">1983042 ms</span>
              </div> <!-- configuration-method after -->
              <div class="test-method">
                <span class="method-name">ExecuteTest(ALL_PAGES, END_TO_END, TC17_Verify_CheckOut_SplitPayment, Verify Checkout with Split Payment (CC & G...)</span>
                <span class="method-start">1983044 ms</span>
              </div> <!-- test-method -->
              <div class="test-method">
                <span class="method-name">ExecuteTest(ALL_PAGES, END_TO_END, TC18_Verify_CheckOut_PickUp_InStore_AND_ShipTo, Verify Checkout using Ship to...)</span>
                <span class="method-start">2136881 ms</span>
              </div> <!-- test-method -->
              <div class="configuration-method after">
                <span class="method-name">TestResults([TestResult name=ExecuteTest status=SUCCESS method=Execute_MainScript.ExecuteTest(java.lang.String, ...)</span>
                <span class="method-start">2136881 ms</span>
              </div> <!-- configuration-method after -->
              <div class="test-method">
                <span class="method-name">ExecuteTest(ALL_PAGES, END_TO_END, TC19_Verify_Giftcard_SCS_Site, Verify Checkout Giftcard site(http://129.213.5...)</span>
                <span class="method-start">2352550 ms</span>
              </div> <!-- test-method -->
              <div class="configuration-method after">
                <span class="method-name">TestResults([TestResult name=ExecuteTest status=SUCCESS method=Execute_MainScript.ExecuteTest(java.lang.String, ...)</span>
                <span class="method-start">2352550 ms</span>
              </div> <!-- configuration-method after -->
              <div class="configuration-method after">
                <span class="method-name">TestResults([TestResult name=ExecuteTest status=SUCCESS method=Execute_MainScript.ExecuteTest(java.lang.String, ...)</span>
                <span class="method-start">2412258 ms</span>
              </div> <!-- configuration-method after -->
              <div class="configuration-suite after">
                <span class="method-name">close</span>
                <span class="method-start">2412295 ms</span>
              </div> <!-- configuration-suite after -->
              <div class="configuration-suite after">
                <span class="method-name">closebrowser(chrome)</span>
                <span class="method-start">2412693 ms</span>
              </div> <!-- configuration-suite after -->
          </div> <!-- main-panel-content rounded-window-bottom -->
        </div> <!-- panel -->
      </div> <!-- main-panel-root -->
    </div> <!-- wrapper -->
  </body>
</html>
